Пользователь отключенПользователь отключенПользователь отключен
Пользователь отключен
Пользователь отключен
Пользователь отключен
ФайЛ: D:\OSPanel\domains\oop\repositories\Repository.php
Код: 700

______________ФайЛ: D:\OSPanel\domains\oop\repositories\Repository.php
Код: 700

______________ФайЛ: D:\OSPanel\domains\oop\repositories\Repository.php
Код: 700
______________
ФайЛ: D:\OSPanel\domains\oop\repositories\Repository.php
Код: 700
______________
ФайЛ: D:\OSPanel\domains\oop\repositories\Repository.php
Код: 700
______________
ФайЛ: D:\OSPanel\domains\oop\repositories\Repository.php
Код: 700
______________
ФайЛ: D:\OSPanel\domains\oop\repositories\Repository.php
Код: 700
______________
ФайЛ: D:\OSPanel\domains\oop\repositories\Repository.php
Код: 700
______________
